{
  "stats": {
    "suites": 1,
    "tests": 1,
    "passes": 1,
    "pending": 0,
    "failures": 0,
    "start": "2022-01-05T18:44:59.471Z",
    "end": "2022-01-05T18:44:59.872Z",
    "duration": 401,
    "testsRegistered": 1,
    "passPercent": 100,
    "pendingPercent": 0,
    "other": 0,
    "hasOther": false,
    "skipped": 0,
    "hasSkipped": false
  },
  "results": [
    {
      "uuid": "2843fd72-6746-43a9-bb60-a5822eed8178",
      "title": "",
      "fullFile": "cypress/integration/services/Users/tests/04-DELETEUsers.spec.js",
      "file": "cypress/integration/services/Users/tests/04-DELETEUsers.spec.js",
      "beforeHooks": [],
      "afterHooks": [],
      "tests": [],
      "suites": [
        {
          "uuid": "8d265db6-7c2c-4983-b482-76c4460d7ebf",
          "title": "DELETE Users",
          "fullFile": "",
          "file": "",
          "beforeHooks": [],
          "afterHooks": [],
          "tests": [
            {
              "title": "Deletar um usuário",
              "fullTitle": "DELETE Users Deletar um usuário",
              "timedOut": null,
              "duration": 389,
              "state": "passed",
              "speed": "fast",
              "pass": true,
              "fail": false,
              "pending": false,
              "context": null,
              "code": "GETUsers.allUsers().then(resAllUsers => {\n  DELETEUsers.deleteUser(resAllUsers.body[0]._id).should(resDeleteUser => {\n    expect(resDeleteUser.status).to.eq(200);\n  });\n});",
              "err": {},
              "uuid": "406ffea2-ffee-48cb-b6a3-9c55352168fd",
              "parentUUID": "8d265db6-7c2c-4983-b482-76c4460d7ebf",
              "isHook": false,
              "skipped": false
            }
          ],
          "suites": [],
          "passes": [
            "406ffea2-ffee-48cb-b6a3-9c55352168fd"
          ],
          "failures": [],
          "pending": [],
          "skipped": [],
          "duration": 389,
          "root": false,
          "rootEmpty": false,
          "_timeout": 2000
        }
      ],
      "passes": [],
      "failures": [],
      "pending": [],
      "skipped": [],
      "duration": 0,
      "root": true,
      "rootEmpty": true,
      "_timeout": 2000
    }
  ],
  "meta": {
    "mocha": {
      "version": "7.0.1"
    },
    "mochawesome": {
      "options": {
        "quiet": false,
        "reportFilename": "mochawesome",
        "saveHtml": false,
        "saveJson": true,
        "consoleReporter": "spec",
        "useInlineDiffs": false,
        "code": true
      },
      "version": "7.0.1"
    },
    "marge": {
      "options": {
        "reportDir": "mochawesome-report/json",
        "overwrite": false,
        "html": false,
        "json": true
      },
      "version": "6.0.1"
    }
  }
}