{
  "stats": {
    "suites": 1,
    "tests": 1,
    "passes": 1,
    "pending": 0,
    "failures": 0,
    "start": "2022-01-05T18:44:56.218Z",
    "end": "2022-01-05T18:44:56.854Z",
    "duration": 636,
    "testsRegistered": 1,
    "passPercent": 100,
    "pendingPercent": 0,
    "other": 0,
    "hasOther": false,
    "skipped": 0,
    "hasSkipped": false
  },
  "results": [
    {
      "uuid": "a5d4a3b4-9dcb-4a85-84a1-86a18765d367",
      "title": "",
      "fullFile": "cypress/integration/services/Users/tests/02-PUTUsers.spec.js",
      "file": "cypress/integration/services/Users/tests/02-PUTUsers.spec.js",
      "beforeHooks": [],
      "afterHooks": [],
      "tests": [],
      "suites": [
        {
          "uuid": "2c2a0848-bc6c-4ae4-a19a-9de7160909b8",
          "title": "PUT Users",
          "fullFile": "",
          "file": "",
          "beforeHooks": [],
          "afterHooks": [],
          "tests": [
            {
              "title": "Mudança dos dados de um usuário",
              "fullTitle": "PUT Users Mudança dos dados de um usuário",
              "timedOut": null,
              "duration": 623,
              "state": "passed",
              "speed": "fast",
              "pass": true,
              "fail": false,
              "pending": false,
              "context": null,
              "code": "GETUsers.allUsers().then(resAllUsers => {\n  PUTUsers.updateUser(resAllUsers.body[0]._id).should(resUpdateUser => {\n    expect(resUpdateUser.status).to.eq(200);\n    expect(resUpdateUser.body).to.be.not.null;\n    cy.log(resUpdateUser.body);\n    expect(resUpdateUser.body.email).to.eq('testemudado@cypress.com');\n  });\n});",
              "err": {},
              "uuid": "e08d7c6a-e284-4bb3-a1b1-1e886bf66124",
              "parentUUID": "2c2a0848-bc6c-4ae4-a19a-9de7160909b8",
              "isHook": false,
              "skipped": false
            }
          ],
          "suites": [],
          "passes": [
            "e08d7c6a-e284-4bb3-a1b1-1e886bf66124"
          ],
          "failures": [],
          "pending": [],
          "skipped": [],
          "duration": 623,
          "root": false,
          "rootEmpty": false,
          "_timeout": 2000
        }
      ],
      "passes": [],
      "failures": [],
      "pending": [],
      "skipped": [],
      "duration": 0,
      "root": true,
      "rootEmpty": true,
      "_timeout": 2000
    }
  ],
  "meta": {
    "mocha": {
      "version": "7.0.1"
    },
    "mochawesome": {
      "options": {
        "quiet": false,
        "reportFilename": "mochawesome",
        "saveHtml": false,
        "saveJson": true,
        "consoleReporter": "spec",
        "useInlineDiffs": false,
        "code": true
      },
      "version": "7.0.1"
    },
    "marge": {
      "options": {
        "reportDir": "mochawesome-report/json",
        "overwrite": false,
        "html": false,
        "json": true
      },
      "version": "6.0.1"
    }
  }
}