{
  "stats": {
    "suites": 1,
    "tests": 1,
    "passes": 1,
    "pending": 0,
    "failures": 0,
    "start": "2022-01-05T18:44:54.848Z",
    "end": "2022-01-05T18:44:55.220Z",
    "duration": 372,
    "testsRegistered": 1,
    "passPercent": 100,
    "pendingPercent": 0,
    "other": 0,
    "hasOther": false,
    "skipped": 0,
    "hasSkipped": false
  },
  "results": [
    {
      "uuid": "50f5f8a3-cba8-4983-8188-a09626cdc8a4",
      "title": "",
      "fullFile": "cypress/integration/services/Users/tests/01-POSTUsers.spec.js",
      "file": "cypress/integration/services/Users/tests/01-POSTUsers.spec.js",
      "beforeHooks": [],
      "afterHooks": [],
      "tests": [],
      "suites": [
        {
          "uuid": "398f6b83-d14e-4f7c-a4e9-75c0da4bd91c",
          "title": "POST Users",
          "fullFile": "",
          "file": "",
          "beforeHooks": [],
          "afterHooks": [],
          "tests": [
            {
              "title": "Adicionar um novo usuário",
              "fullTitle": "POST Users Adicionar um novo usuário",
              "timedOut": null,
              "duration": 354,
              "state": "passed",
              "speed": "fast",
              "pass": true,
              "fail": false,
              "pending": false,
              "context": null,
              "code": "POSTUsers.addUser().should(res => {\n  expect(res.status).to.eq(201);\n  expect(res.body.email).to.eq('teste@cypress.com');\n});",
              "err": {},
              "uuid": "3f739385-3179-446b-9281-596fde6f0b45",
              "parentUUID": "398f6b83-d14e-4f7c-a4e9-75c0da4bd91c",
              "isHook": false,
              "skipped": false
            }
          ],
          "suites": [],
          "passes": [
            "3f739385-3179-446b-9281-596fde6f0b45"
          ],
          "failures": [],
          "pending": [],
          "skipped": [],
          "duration": 354,
          "root": false,
          "rootEmpty": false,
          "_timeout": 2000
        }
      ],
      "passes": [],
      "failures": [],
      "pending": [],
      "skipped": [],
      "duration": 0,
      "root": true,
      "rootEmpty": true,
      "_timeout": 2000
    }
  ],
  "meta": {
    "mocha": {
      "version": "7.0.1"
    },
    "mochawesome": {
      "options": {
        "quiet": false,
        "reportFilename": "mochawesome",
        "saveHtml": false,
        "saveJson": true,
        "consoleReporter": "spec",
        "useInlineDiffs": false,
        "code": true
      },
      "version": "7.0.1"
    },
    "marge": {
      "options": {
        "reportDir": "mochawesome-report/json",
        "overwrite": false,
        "html": false,
        "json": true
      },
      "version": "6.0.1"
    }
  }
}